C51 COMPILER V9.59.0.0   EEPROM                                                            05/07/2020 19:08:06 PAGE 1   


C51 COMPILER V9.59.0.0, COMPILATION OF MODULE EEPROM
OBJECT MODULE PLACED IN .\Objects\EEPROM.obj
COMPILER INVOKED BY: C:\Keil_v5\C51\BIN\C51.EXE Code\Basic\EEPROM\EEPROM.c OBJECTADVANCED OPTIMIZE(9,SPEED) BROWSE MODP2
                    - INCDIR(.\Code\Basic\def;.\Code\Basic\delay;.\Code\Basic\init;.\Code\Basic\uart;.\Code\Basic\EEPROM;.\Code\AlibabaCloud;
                    -.\Code\SubDev\DS18B20;.\Code\SubDev\GY_25;.\Code\SubDev\LCD1602;.\Code\SubDev\LED) DEBUG PRINT(.\Listings\EEPROM.lst) OB
                    -JECT(.\Objects\EEPROM.obj)

line level    source

   1          #include "EEPROM.h"
   2          //------------------------------------------------------------------------------------------------//
   3          uchar EEPROMRead_MOVEC(ushort addr) 
   4          { 
   5   1              addr += EEPROM_OFFSET; //使用 MOVC 读取 EEPROM 需要加上相应的偏移
   6   1              return *(uchar code *)(addr);
   7   1      }
   8          uchar EEPROMRead(ushort addr)
   9          { 
  10   1              uchar dat; 
  11   1              IAP_CONTR = EEPROMWT; //使能IAP
  12   1              IAP_CMD = EEPROMCmdRead;
  13   1              EEPROMADDR(addr);
  14   1              EEPROMTRIG();
  15   1              dat = IAP_DATA; //读 IAP 数据
  16   1              EEPROMOff();
  17   1              return dat; 
  18   1      }
  19          void EEPROMWrite(ushort addr, uchar dat)
  20          {
  21   1              IAP_CONTR = EEPROMWT; //使能IAP
  22   1              IAP_CMD = EEPROMCmdWrite;
  23   1              EEPROMADDR(addr);
  24   1              IAP_DATA = dat; //写 IAP 数据
  25   1              EEPROMTRIG();
  26   1              EEPROMOff();
  27   1      }
  28          void EEPROMErase(ushort addr)
  29          { 
  30   1              IAP_CONTR = EEPROMWT; //使能 IAP
  31   1              IAP_CMD = EEPROMCmdErase; //设置 IAP 擦除命令
  32   1              EEPROMADDR(addr);
  33   1              EEPROMTRIG();
  34   1              EEPROMOff();
  35   1      }
  36          //------------------------------------------------------------------------------------------------//
  37          
  38          
  39          
  40          
  41          
  42          
  43          
  44          
  45          
  46          
  47          


MODULE INFORMATION:   STATIC OVERLAYABLE
   CODE SIZE        =     86    ----
   CONSTANT SIZE    =   ----    ----
C51 COMPILER V9.59.0.0   EEPROM                                                            05/07/2020 19:08:06 PAGE 2   

   XDATA SIZE       =   ----    ----
   PDATA SIZE       =   ----    ----
   DATA SIZE        =   ----    ----
   IDATA SIZE       =   ----    ----
   BIT SIZE         =   ----    ----
   EDATA SIZE       =   ----    ----
   HDATA SIZE       =   ----    ----
   XDATA CONST SIZE =   ----    ----
   FAR CONST SIZE   =   ----    ----
END OF MODULE INFORMATION.


C51 COMPILATION COMPLETE.  0 WARNING(S),  0 ERROR(S)
