C51 COMPILER V9.59.0.0   GY_25                                                             05/08/2020 12:19:53 PAGE 1   


C51 COMPILER V9.59.0.0, COMPILATION OF MODULE GY_25
OBJECT MODULE PLACED IN .\Objects\GY_25.obj
COMPILER INVOKED BY: C:\Keil_v5\C51\BIN\C51.EXE Code\SubDev\GY_25\GY_25.c OBJECTADVANCED OPTIMIZE(9,SPEED) BROWSE MODP2 
                    -INCDIR(.\Code\Basic\def;.\Code\Basic\delay;.\Code\Basic\init;.\Code\Basic\uart;.\Code\Basic\EEPROM;.\Code\AlibabaCloud;.
                    -\Code\SubDev\DS18B20;.\Code\SubDev\GY_25;.\Code\SubDev\LCD1602;.\Code\SubDev\LED) DEBUG PRINT(.\Listings\GY_25.lst) OBJE
                    -CT(.\Objects\GY_25.obj)

line level    source

   1          #include "GY_25.h"
   2          //------------------------------------------------------------------------------------------------//
   3          xdata GY_25ActST GY_25ST;
   4          //------------------------------------------------------------------------------------------------//
   5          void GY_25Init(void)//初始化GY_25
   6          {
   7   1              memset(&GY_25ST,0xFF,sizeof(GY_25ActST));
   8   1              S4CON &= ~S4REN;//禁止串口读入
   9   1              IE2 |= ES4;//开启串口中断
  10   1              GY_25SetCmd(GY_25Correction2);//校正航向角
  11   1              GY_25SetCmd(GY_25Correction1);//校正俯仰角&横滚角
  12   1              GY_25SetCmd(GY_25Query);
  13   1              S4CON |= S4REN;//开启串口读入
  14   1              while(GY_25GetAzimuth()!=EXIT_SUCCESS)//读取方位角数据
  15   1                      continue;
  16   1      #if LOGRANK_UART1 >= 2
                  printf("LOG#:GY_25Init ok\r\n");
              #endif
  19   1      }
  20          bool GY_25SetCmd(uchar Cmd)//向GY_25发送命令
  21          {
  22   1              uart4_send8(GY_25Head);
  23   1              uart4_send8(Cmd);
  24   1              S4CON |= S4REN;//开启串口读入
  25   1              return EXIT_SUCCESS;
  26   1      }
  27          bool GY_25GetAzimuth(void)//读取缓冲区内的方位角数据,适用于二进制输出
  28          {
  29   1              static pdata uchar State = 0;
  30   1              static xdata ushort HeadAngle,PitchAngle,RollAngle;
  31   1              data uchar idx1 = uart4Idx1, idx2 = uart4Idx2;
  32   1              while(idx1!=idx2)
  33   1              {
  34   2                      switch(State)
  35   2                      {
  36   3                      case 0:
  37   3                              if(uart4Buffer[idx1]==0xAA)
  38   3                                      ++State;
  39   3                              break;
  40   3                      case 1:case 2:
  41   3                              HeadAngle<<=8;
  42   3                              HeadAngle|=uart4Buffer[idx1];
  43   3                              ++State;
  44   3                              break;
  45   3                      case 3:case 4:
  46   3                              PitchAngle<<=8;
  47   3                              PitchAngle|=uart4Buffer[idx1];
  48   3                              ++State;
  49   3                              break;
  50   3                      case 5:case 6:
  51   3                              RollAngle<<=8;
  52   3                              RollAngle|=uart4Buffer[idx1];
C51 COMPILER V9.59.0.0   GY_25                                                             05/08/2020 12:19:53 PAGE 2   

  53   3                              ++State;
  54   3                              break;
  55   3                      case 7:
  56   3                              if(uart4Buffer[idx1]==0x55)
  57   3                                      ++State;
  58   3                              break;
  59   3                      }
  60   2                      if (idx1 + 1 == uart4_buffer_size)
  61   2                  idx1 = 0;
  62   2              else
  63   2                  ++idx1;
  64   2              uart4Idx1 = idx1;
  65   2                      if(State==8)
  66   2                      {
  67   3                              bool isp=false;
  68   3                              State = 0;
  69   3                              S4CON &= ~S4REN;//禁止串口读入
  70   3                              if(HeadAngle!=GY_25ST.HeadAngle)
  71   3                                      GY_25ST.HeadAngle=HeadAngle,isp=true;
  72   3                              if(PitchAngle!=GY_25ST.PitchAngle)
  73   3                                      GY_25ST.PitchAngle=PitchAngle,isp=true;
  74   3                              if(RollAngle!=GY_25ST.RollAngle)
  75   3                                      GY_25ST.RollAngle=RollAngle,isp=true;
  76   3                              if(isp)
  77   3                                      CloudAct.NeedReport = true,CloudAct.NeedReportT.GY_25 = true;//标记需要上报方位角参数
  78   3                              return EXIT_SUCCESS;
  79   3                      }
  80   2              }
  81   1              return EXIT_FAILURE;
  82   1      }
  83          //------------------------------------------------------------------------------------------------//


MODULE INFORMATION:   STATIC OVERLAYABLE
   CODE SIZE        =    418    ----
   CONSTANT SIZE    =   ----    ----
   XDATA SIZE       =     12    ----
   PDATA SIZE       =      1    ----
   DATA SIZE        =   ----       1
   IDATA SIZE       =   ----    ----
   BIT SIZE         =   ----       1
   EDATA SIZE       =   ----    ----
   HDATA SIZE       =   ----    ----
   XDATA CONST SIZE =   ----    ----
   FAR CONST SIZE   =   ----    ----
END OF MODULE INFORMATION.


C51 COMPILATION COMPLETE.  0 WARNING(S),  0 ERROR(S)
