C51 COMPILER V9.59.0.0   MAIN                                                              05/08/2020 12:19:52 PAGE 1   


C51 COMPILER V9.59.0.0, COMPILATION OF MODULE MAIN
OBJECT MODULE PLACED IN .\Objects\main.obj
COMPILER INVOKED BY: C:\Keil_v5\C51\BIN\C51.EXE Code\main.c OBJECTADVANCED OPTIMIZE(9,SPEED) BROWSE MODP2 INCDIR(.\Code\
                    -Basic\def;.\Code\Basic\delay;.\Code\Basic\init;.\Code\Basic\uart;.\Code\Basic\EEPROM;.\Code\AlibabaCloud;.\Code\SubDev\D
                    -S18B20;.\Code\SubDev\GY_25;.\Code\SubDev\LCD1602;.\Code\SubDev\LED) DEBUG PRINT(.\Listings\main.lst) OBJECT(.\Objects\ma
                    -in.obj)

line level    source

   1          #include "CloudHandle.h"
   2          #include "Init.h"
   3          void main(void)
   4          {
   5   1          Init();
   6   1          while (true)
   7   1          {
   8   2              CloudLoop();
   9   2          }
  10   1      }


MODULE INFORMATION:   STATIC OVERLAYABLE
   CODE SIZE        =      9    ----
   CONSTANT SIZE    =   ----    ----
   XDATA SIZE       =   ----    ----
   PDATA SIZE       =   ----    ----
   DATA SIZE        =   ----    ----
   IDATA SIZE       =   ----    ----
   BIT SIZE         =   ----    ----
   EDATA SIZE       =   ----    ----
   HDATA SIZE       =   ----    ----
   XDATA CONST SIZE =   ----    ----
   FAR CONST SIZE   =   ----    ----
END OF MODULE INFORMATION.


C51 COMPILATION COMPLETE.  0 WARNING(S),  0 ERROR(S)
